* Hostname was found in DNS cache
* Hostname in DNS cache was stale, zapped
*   Trying 127.0.0.1...
* Connected to localhost (127.0.0.1) port 8080 (#3)
* Server auth using Basic with user 'admin'
> POST /geoserver/rest/workspaces HTTP/1.1
Authorization: Basic YWRtaW46Z2Vvc2VydmVy
Host: localhost:8080
Accept: */*
Content-type: application/xml
Content-Length: 48

* upload completely sent off: 48 out of 48 bytes
< HTTP/1.1 201 Crée
< Date: Tue, 01 Mar 2016 14:03:13 GMT
< Location: http://localhost:8080/geoserver/rest/workspaces/newWorkspace
* Server Noelios-Restlet-Engine/1.0..8 is not blacklisted
< Server: Noelios-Restlet-Engine/1.0..8
< Transfer-Encoding: chunked
< 
* Connection #3 to host localhost left intact
# Successful cURL request to [201]

